This is pdfTeX, Version 3.14159265-2.6-1.40.19 (TeX Live 2018) (preloaded format=pdflatex 2018.4.16)  11 DEC 2019 23:56
entering extended mode
 restricted \write18 enabled.
 file:line:error style messages enabled.
 %&-line parsing enabled.
**/Users/joestrachan/Documents/code/civics/civic-essay/civic_tech_and_they_work_for_you.tex
(/Users/joestrachan/Documents/code/civics/civic-essay/civic_tech_and_they_work_for_you.tex
LaTeX2e <2018-04-01> patch level 2
Babel <3.18> and hyphenation patterns for 84 language(s) loaded.
(/usr/local/texlive/2018/texmf-dist/tex/latex/base/article.cls
Document Class: article 2014/09/29 v1.4h Standard LaTeX document class
(/usr/local/texlive/2018/texmf-dist/tex/latex/base/size10.clo
File: size10.clo 2014/09/29 v1.4h Standard LaTeX file (size option)
)
\c@part=\count80
\c@section=\count81
\c@subsection=\count82
\c@subsubsection=\count83
\c@paragraph=\count84
\c@subparagraph=\count85
\c@figure=\count86
\c@table=\count87
\abovecaptionskip=\skip41
\belowcaptionskip=\skip42
\bibindent=\dimen102
) (/Users/joestrachan/Documents/code/civics/civic-essay/tex/main.tex (/Users/joestrachan/Documents/code/civics/civic-essay/tex/packages.tex (/usr/local/texlive/2018/texmf-dist/tex/latex/tools/array.sty
Package: array 2018/04/07 v2.4g Tabular extension package (FMi)
\col@sep=\dimen103
\ar@mcellbox=\box26
\extrarowheight=\dimen104
\NC@list=\toks14
\extratabsurround=\skip43
\backup@length=\skip44
\ar@cellbox=\box27
) (/usr/local/texlive/2018/texmf-dist/tex/latex/preprint/authblk.sty
Package: authblk 2001/02/27 1.3 (PWD)
\affilsep=\skip45
\@affilsep=\skip46
\c@Maxaffil=\count88
\c@authors=\count89
\c@affil=\count90
) (/usr/local/texlive/2018/texmf-dist/tex/generic/babel/babel.sty
Package: babel 2018/02/14 3.18 The Babel package
 (/usr/local/texlive/2018/texmf-dist/tex/generic/babel/switch.def
File: switch.def 2018/02/14 3.18 Babel switching mechanism
) (/usr/local/texlive/2018/texmf-dist/tex/generic/babel-english/english.ldf
Language: english 2017/06/06 v3.3r English support from the babel system
 (/usr/local/texlive/2018/texmf-dist/tex/generic/babel/babel.def
File: babel.def 2018/02/14 3.18 Babel common definitions
\babel@savecnt=\count91
\U@D=\dimen105
 (/usr/local/texlive/2018/texmf-dist/tex/generic/babel/txtbabel.def)
\bbl@dirlevel=\count92
)
\l@canadian = a dialect from \language\l@american 
\l@australian = a dialect from \language\l@british 
\l@newzealand = a dialect from \language\l@british 
)) (/usr/local/texlive/2018/texmf-dist/tex/latex/cite/cite.sty
LaTeX Info: Redefining \cite on input line 302.
LaTeX Info: Redefining \nocite on input line 332.
Package: cite 2015/02/27  v 5.5
) (/usr/local/texlive/2018/texmf-dist/tex/latex/graphics/color.sty
Package: color 2016/07/10 v1.1e Standard LaTeX Color (DPC)
 (/usr/local/texlive/2018/texmf-dist/tex/latex/graphics-cfg/color.cfg
File: color.cfg 2016/01/02 v1.6 sample color configuration
)
Package color Info: Driver file: pdftex.def on input line 147.
 (/usr/local/texlive/2018/texmf-dist/tex/latex/graphics-def/pdftex.def
File: pdftex.def 2018/01/08 v1.0l Graphics/color driver for pdftex
)) (/usr/local/texlive/2018/texmf-dist/tex/latex/psnfss/courier.sty
Package: courier 2005/04/12 PSNFSS-v9.2a (WaS) 
) (/usr/local/texlive/2018/texmf-dist/tex/latex/dirtytalk/dirtytalk.sty
Package: dirtytalk 2010/11/21 A package making "quoting" easier
 (/usr/local/texlive/2018/texmf-dist/tex/latex/oberdiek/kvoptions.sty
Package: kvoptions 2016/05/16 v3.12 Key value format for package options (HO)
 (/usr/local/texlive/2018/texmf-dist/tex/latex/graphics/keyval.sty
Package: keyval 2014/10/28 v1.15 key=value parser (DPC)
\KV@toks@=\toks15
) (/usr/local/texlive/2018/texmf-dist/tex/generic/oberdiek/ltxcmds.sty
Package: ltxcmds 2016/05/16 v1.23 LaTeX kernel commands for general use (HO)
) (/usr/local/texlive/2018/texmf-dist/tex/generic/oberdiek/kvsetkeys.sty
Package: kvsetkeys 2016/05/16 v1.17 Key value parser (HO)
 (/usr/local/texlive/2018/texmf-dist/tex/generic/oberdiek/infwarerr.sty
Package: infwarerr 2016/05/16 v1.4 Providing info/warning/error messages (HO)
) (/usr/local/texlive/2018/texmf-dist/tex/generic/oberdiek/etexcmds.sty
Package: etexcmds 2016/05/16 v1.6 Avoid name clashes with e-TeX commands (HO)
 (/usr/local/texlive/2018/texmf-dist/tex/generic/oberdiek/ifluatex.sty
Package: ifluatex 2016/05/16 v1.4 Provides the ifluatex switch (HO)
Package ifluatex Info: LuaTeX not detected.
)
Package etexcmds Info: Could not find \expanded.
(etexcmds)             That can mean that you are not using pdfTeX 1.50 or
(etexcmds)             that some package has redefined \expanded.
(etexcmds)             In the latter case, load this package earlier.
))) (/usr/local/texlive/2018/texmf-dist/tex/latex/base/ifthen.sty
Package: ifthen 2014/09/29 v1.1c Standard LaTeX ifthen package (DPC)
)
\c@dirtytalk@qdepth=\count93
) (/usr/local/texlive/2018/texmf-dist/tex/latex/graphics/graphicx.sty
Package: graphicx 2017/06/01 v1.1a Enhanced LaTeX Graphics (DPC,SPQR)
 (/usr/local/texlive/2018/texmf-dist/tex/latex/graphics/graphics.sty
Package: graphics 2017/06/25 v1.2c Standard LaTeX Graphics (DPC,SPQR)
 (/usr/local/texlive/2018/texmf-dist/tex/latex/graphics/trig.sty
Package: trig 2016/01/03 v1.10 sin cos tan (DPC)
) (/usr/local/texlive/2018/texmf-dist/tex/latex/graphics-cfg/graphics.cfg
File: graphics.cfg 2016/06/04 v1.11 sample graphics configuration
)
Package graphics Info: Driver file: pdftex.def on input line 99.
)
\Gin@req@height=\dimen106
\Gin@req@width=\dimen107
) (/usr/local/texlive/2018/texmf-dist/tex/latex/hyperref/hyperref.sty
Package: hyperref 2018/02/06 v6.86b Hypertext links for LaTeX
 (/usr/local/texlive/2018/texmf-dist/tex/generic/oberdiek/hobsub-hyperref.sty
Package: hobsub-hyperref 2016/05/16 v1.14 Bundle oberdiek, subset hyperref (HO)
 (/usr/local/texlive/2018/texmf-dist/tex/generic/oberdiek/hobsub-generic.sty
Package: hobsub-generic 2016/05/16 v1.14 Bundle oberdiek, subset generic (HO)
Package: hobsub 2016/05/16 v1.14 Construct package bundles (HO)
Package hobsub Info: Skipping package `infwarerr' (already loaded).
Package hobsub Info: Skipping package `ltxcmds' (already loaded).
Package hobsub Info: Skipping package `ifluatex' (already loaded).
Package: ifvtex 2016/05/16 v1.6 Detect VTeX and its facilities (HO)
Package ifvtex Info: VTeX not detected.
Package: intcalc 2016/05/16 v1.2 Expandable calculations with integers (HO)
Package: ifpdf 2017/03/15 v3.2 Provides the ifpdf switch
Package hobsub Info: Skipping package `etexcmds' (already loaded).
Package hobsub Info: Skipping package `kvsetkeys' (already loaded).
Package: kvdefinekeys 2016/05/16 v1.4 Define keys (HO)
Package: pdftexcmds 2018/01/30 v0.27 Utility functions of pdfTeX for LuaTeX (HO)
Package pdftexcmds Info: LuaTeX not detected.
Package pdftexcmds Info: \pdf@primitive is available.
Package pdftexcmds Info: \pdf@ifprimitive is available.
Package pdftexcmds Info: \pdfdraftmode found.
Package: pdfescape 2016/05/16 v1.14 Implements pdfTeX's escape features (HO)
Package: bigintcalc 2016/05/16 v1.4 Expandable calculations on big integers (HO)
Package: bitset 2016/05/16 v1.2 Handle bit-vector datatype (HO)
Package: uniquecounter 2016/05/16 v1.3 Provide unlimited unique counter (HO)
)
Package hobsub Info: Skipping package `hobsub' (already loaded).
Package: letltxmacro 2016/05/16 v1.5 Let assignment for LaTeX macros (HO)
Package: hopatch 2016/05/16 v1.3 Wrapper for package hooks (HO)
Package: xcolor-patch 2016/05/16 xcolor patch
Package: atveryend 2016/05/16 v1.9 Hooks at the very end of document (HO)
Package atveryend Info: \enddocument detected (standard20110627).
Package: atbegshi 2016/06/09 v1.18 At begin shipout hook (HO)
Package: refcount 2016/05/16 v3.5 Data extraction from label references (HO)
Package: hycolor 2016/05/16 v1.8 Color options for hyperref/bookmark (HO)
) (/usr/local/texlive/2018/texmf-dist/tex/generic/ifxetex/ifxetex.sty
Package: ifxetex 2010/09/12 v0.6 Provides ifxetex conditional
) (/usr/local/texlive/2018/texmf-dist/tex/latex/oberdiek/auxhook.sty
Package: auxhook 2016/05/16 v1.4 Hooks for auxiliary files (HO)
)
\@linkdim=\dimen108
\Hy@linkcounter=\count94
\Hy@pagecounter=\count95
 (/usr/local/texlive/2018/texmf-dist/tex/latex/hyperref/pd1enc.def
File: pd1enc.def 2018/02/06 v6.86b Hyperref: PDFDocEncoding definition (HO)
Now handling font encoding PD1 ...
... no UTF-8 mapping file for font encoding PD1
)
\Hy@SavedSpaceFactor=\count96
 (/usr/local/texlive/2018/texmf-dist/tex/latex/latexconfig/hyperref.cfg
File: hyperref.cfg 2002/06/06 v1.2 hyperref configuration of TeXLive
)
Package hyperref Info: Hyper figures OFF on input line 4509.
Package hyperref Info: Link nesting OFF on input line 4514.
Package hyperref Info: Hyper index ON on input line 4517.
Package hyperref Info: Plain pages OFF on input line 4524.
Package hyperref Info: Backreferencing OFF on input line 4529.
Package hyperref Info: Implicit mode ON; LaTeX internals redefined.
Package hyperref Info: Bookmarks ON on input line 4762.
\c@Hy@tempcnt=\count97
 (/usr/local/texlive/2018/texmf-dist/tex/latex/url/url.sty
\Urlmuskip=\muskip10
Package: url 2013/09/16  ver 3.4  Verb mode for urls, etc.
)
LaTeX Info: Redefining \url on input line 5115.
\XeTeXLinkMargin=\dimen109
\Fld@menulength=\count98
\Field@Width=\dimen110
\Fld@charsize=\dimen111
Package hyperref Info: Hyper figures OFF on input line 6369.
Package hyperref Info: Link nesting OFF on input line 6374.
Package hyperref Info: Hyper index ON on input line 6377.
Package hyperref Info: backreferencing OFF on input line 6384.
Package hyperref Info: Link coloring OFF on input line 6389.
Package hyperref Info: Link coloring with OCG OFF on input line 6394.
Package hyperref Info: PDF/A mode OFF on input line 6399.
LaTeX Info: Redefining \ref on input line 6439.
LaTeX Info: Redefining \pageref on input line 6443.
\Hy@abspage=\count99
\c@Item=\count100
\c@Hfootnote=\count101
)
Package hyperref Info: Driver (autodetected): hpdftex.
 (/usr/local/texlive/2018/texmf-dist/tex/latex/hyperref/hpdftex.def
File: hpdftex.def 2018/02/06 v6.86b Hyperref driver for pdfTeX
\Fld@listcount=\count102
\c@bookmark@seq@number=\count103
 (/usr/local/texlive/2018/texmf-dist/tex/latex/oberdiek/rerunfilecheck.sty
Package: rerunfilecheck 2016/05/16 v1.8 Rerun checks for auxiliary files (HO)
Package uniquecounter Info: New unique counter `rerunfilecheck' on input line 282.
)
\Hy@SectionHShift=\skip47
) (/usr/local/texlive/2018/texmf-dist/tex/latex/base/inputenc.sty
Package: inputenc 2018/04/06 v1.3b Input encoding file
\inpenc@prehook=\toks16
\inpenc@posthook=\toks17
) (/usr/local/texlive/2018/texmf-dist/tex/latex/tools/multicol.sty
Package: multicol 2018/04/01 v1.8r multicolumn formatting (FMi)
\c@tracingmulticols=\count104
\mult@box=\box28
\multicol@leftmargin=\dimen112
\c@unbalance=\count105
\c@collectmore=\count106
\doublecol@number=\count107
\multicoltolerance=\count108
\multicolpretolerance=\count109
\full@width=\dimen113
\page@free=\dimen114
\premulticols=\dimen115
\postmulticols=\dimen116
\multicolsep=\skip48
\multicolbaselineskip=\skip49
\partial@page=\box29
\last@line=\box30
\maxbalancingoverflow=\dimen117
\mult@rightbox=\box31
\mult@grightbox=\box32
\mult@gfirstbox=\box33
\mult@firstbox=\box34
\@tempa=\box35
\@tempa=\box36
\@tempa=\box37
\@tempa=\box38
\@tempa=\box39
\@tempa=\box40
\@tempa=\box41
\@tempa=\box42
\@tempa=\box43
\@tempa=\box44
\@tempa=\box45
\@tempa=\box46
\@tempa=\box47
\@tempa=\box48
\@tempa=\box49
\@tempa=\box50
\@tempa=\box51
\c@columnbadness=\count110
\c@finalcolumnbadness=\count111
\last@try=\dimen118
\multicolovershoot=\dimen119
\multicolundershoot=\dimen120
\mult@nat@firstbox=\box52
\colbreak@box=\box53
\mc@col@check@num=\count112
) (/usr/local/texlive/2018/texmf-dist/tex/latex/titling/titling.sty
Package: titling 2009/09/04 v2.1d maketitle typesetting
\thanksmarkwidth=\skip50
\thanksmargin=\skip51
\droptitle=\skip52
) (/usr/local/texlive/2018/texmf-dist/tex/latex/wrapfig/wrapfig.sty
\wrapoverhang=\dimen121
\WF@size=\dimen122
\c@WF@wrappedlines=\count113
\WF@box=\box54
\WF@everypar=\toks18
Package: wrapfig 2003/01/31  v 3.6
) (/usr/local/texlive/2018/texmf-dist/tex/latex/xcolor/xcolor.sty
Package: xcolor 2016/05/11 v2.12 LaTeX color extensions (UK)
 (/usr/local/texlive/2018/texmf-dist/tex/latex/graphics-cfg/color.cfg
File: color.cfg 2016/01/02 v1.6 sample color configuration
)
Package xcolor Info: Driver file: pdftex.def on input line 225.
LaTeX Info: Redefining \color on input line 709.
Package xcolor Info: Model `cmy' substituted by `cmy0' on input line 1348.
Package xcolor Info: Model `hsb' substituted by `rgb' on input line 1352.
Package xcolor Info: Model `RGB' extended on input line 1364.
Package xcolor Info: Model `HTML' substituted by `rgb' on input line 1366.
Package xcolor Info: Model `Hsb' substituted by `hsb' on input line 1367.
Package xcolor Info: Model `tHsb' substituted by `hsb' on input line 1368.
Package xcolor Info: Model `HSB' substituted by `hsb' on input line 1369.
Package xcolor Info: Model `Gray' substituted by `gray' on input line 1370.
Package xcolor Info: Model `wave' substituted by `hsb' on input line 1371.
)) (/Users/joestrachan/Documents/code/civics/civic-essay/tex/paragraphs.tex) (/Users/joestrachan/Documents/code/civics/civic-essay/tex/colours.tex) (/Users/joestrachan/Documents/code/civics/civic-essay/tex/commands/subtitle.tex) (/Users/joestrachan/Documents/code/civics/civic-essay/tex/commands/uml.tex)) (/Users/joestrachan/Documents/code/civics/civic-essay/civic_tech_and_they_work_for_you.aux)
\openout1 = `civic_tech_and_they_work_for_you.aux'.

LaTeX Font Info:    Checking defaults for OML/cmm/m/it on input line 4.
LaTeX Font Info:    ... okay on input line 4.
LaTeX Font Info:    Checking defaults for T1/cmr/m/n on input line 4.
LaTeX Font Info:    ... okay on input line 4.
LaTeX Font Info:    Checking defaults for OT1/cmr/m/n on input line 4.
LaTeX Font Info:    ... okay on input line 4.
LaTeX Font Info:    Checking defaults for OMS/cmsy/m/n on input line 4.
LaTeX Font Info:    ... okay on input line 4.
LaTeX Font Info:    Checking defaults for OMX/cmex/m/n on input line 4.
LaTeX Font Info:    ... okay on input line 4.
LaTeX Font Info:    Checking defaults for U/cmr/m/n on input line 4.
LaTeX Font Info:    ... okay on input line 4.
LaTeX Font Info:    Checking defaults for PD1/pdf/m/n on input line 4.
LaTeX Font Info:    ... okay on input line 4.
 (/usr/local/texlive/2018/texmf-dist/tex/context/base/mkii/supp-pdf.mkii
[Loading MPS to PDF converter (version 2006.09.02).]
\scratchcounter=\count114
\scratchdimen=\dimen123
\scratchbox=\box55
\nofMPsegments=\count115
\nofMParguments=\count116
\everyMPshowfont=\toks19
\MPscratchCnt=\count117
\MPscratchDim=\dimen124
\MPnumerator=\count118
\makeMPintoPDFobject=\count119
\everyMPtoPDFconversion=\toks20
) (/usr/local/texlive/2018/texmf-dist/tex/latex/oberdiek/epstopdf-base.sty
Package: epstopdf-base 2016/05/15 v2.6 Base part for package epstopdf
 (/usr/local/texlive/2018/texmf-dist/tex/latex/oberdiek/grfext.sty
Package: grfext 2016/05/16 v1.2 Manage graphics extensions (HO)
)
Package epstopdf-base Info: Redefining graphics rule for `.eps' on input line 438.
Package grfext Info: Graphics extension search list:
(grfext)             [.pdf,.png,.jpg,.mps,.jpeg,.jbig2,.jb2,.PDF,.PNG,.JPG,.JPEG,.JBIG2,.JB2,.eps]
(grfext)             \AppendGraphicsExtensions on input line 456.
 (/usr/local/texlive/2018/texmf-dist/tex/latex/latexconfig/epstopdf-sys.cfg
File: epstopdf-sys.cfg 2010/07/13 v1.3 Configuration of (r)epstopdf for TeX Live
))
\AtBeginShipoutBox=\box56
Package hyperref Info: Link coloring OFF on input line 4.
 (/usr/local/texlive/2018/texmf-dist/tex/latex/hyperref/nameref.sty
Package: nameref 2016/05/21 v2.44 Cross-referencing by name of section
 (/usr/local/texlive/2018/texmf-dist/tex/generic/oberdiek/gettitlestring.sty
Package: gettitlestring 2016/05/16 v1.5 Cleanup title references (HO)
)
\c@section@level=\count120
)
LaTeX Info: Redefining \ref on input line 4.
LaTeX Info: Redefining \pageref on input line 4.
LaTeX Info: Redefining \nameref on input line 4.
\@outlinefile=\write3
\openout3 = `civic_tech_and_they_work_for_you.out'.

 (/Users/joestrachan/Documents/code/civics/civic-essay/sections/title.tex
/Users/joestrachan/Documents/code/civics/civic-essay/sections/title.tex:6: Undefined control sequence.
l.6 \subject
            {Technologies of Civic Participation}
The control sequence at the end of the top line
of your error message was never \def'ed. If you have
misspelled it (e.g., `\hobx'), type `I' and the correct
spelling (e.g., `I\hbox'). Otherwise just continue,
and I'll forget about whatever was undefined.

) [1

{/usr/local/texlive/2018/texmf-var/fonts/map/pdftex/updmap/pdftex.map}]
LaTeX Font Info:    External font `cmex10' loaded for size
(Font)              <12> on input line 7.
LaTeX Font Info:    External font `cmex10' loaded for size
(Font)              <8> on input line 7.
LaTeX Font Info:    External font `cmex10' loaded for size
(Font)              <6> on input line 7.
 [2] (/Users/joestrachan/Documents/code/civics/civic-essay/sections/abstract.tex) [3]
\tf@toc=\write4
\openout4 = `civic_tech_and_they_work_for_you.toc'.

 [4]
\tf@lof=\write5
\openout5 = `civic_tech_and_they_work_for_you.lof'.

 [5] (/Users/joestrachan/Documents/code/civics/civic-essay/sections/introduction.tex

LaTeX Warning: Citation `facebook' on page 6 undefined on input line 2.


LaTeX Warning: Citation `ushahidi' on page 6 undefined on input line 2.


LaTeX Warning: Citation `wikipedia' on page 6 undefined on input line 5.

) (/Users/joestrachan/Documents/code/civics/civic-essay/sections/open-data/overview.tex

LaTeX Warning: Citation `creative-commons' on page 6 undefined on input line 2.


LaTeX Warning: Citation `w3c' on page 6 undefined on input line 2.


LaTeX Warning: Citation `wikileaks' on page 6 undefined on input line 4.


LaTeX Warning: Citation `foia' on page 6 undefined on input line 6.


LaTeX Warning: Citation `lbj' on page 6 undefined on input line 6.


LaTeX Warning: Citation `john-e-moss' on page 6 undefined on input line 7.


LaTeX Warning: Citation `foia-requests' on page 6 undefined on input line 9.


LaTeX Warning: Citation `anthony-giddens-consequences-of-modernity' on page 6 undefined on input line 11.

) [6] (/Users/joestrachan/Documents/code/civics/civic-essay/sections/they-work-for-you/overview.tex

LaTeX Warning: Citation `tom-steinberg' on page 7 undefined on input line 1.


LaTeX Warning: Citation `wget' on page 7 undefined on input line 5.


LaTeX Warning: Citation `hansard' on page 7 undefined on input line 5.


LaTeX Warning: Citation `they-work-for-you-controversies' on page 7 undefined on input line 6.


LaTeX Warning: Citation `open-data-licence' on page 7 undefined on input line 9.


LaTeX Warning: Citation `tim-berners-lee' on page 7 undefined on input line 9.


LaTeX Warning: Citation `api' on page 7 undefined on input line 9.

) (/Users/joestrachan/Documents/code/civics/civic-essay/sections/they-work-for-you/aims.tex) (/Users/joestrachan/Documents/code/civics/civic-essay/sections/they-work-for-you/implementation/accessible-design-search-box.tex

LaTeX Warning: Reference `fig:they-work-for-you-implementation-search-box' on page 7 undefined on input line 1.


LaTeX Warning: Citation `postcodes-uk' on page 7 undefined on input line 2.

) [7] (/Users/joestrachan/Documents/code/civics/civic-essay/sections/they-work-for-you/implementation/accessible-design-text-only.tex

LaTeX Warning: Reference `fig:they-work-for-you-implementation-text-only-lynx' on page 8 undefined on input line 1.


LaTeX Warning: Citation `jeremy-corbyn-wiki' on page 8 undefined on input line 2.


LaTeX Warning: Reference `appendix:lynx-browser' on page 8 undefined on input line 3.


LaTeX Warning: Citation `web-2.0-technologies' on page 8 undefined on input line 5.


LaTeX Warning: Citation `shelter-guide-web-accessibility' on page 8 undefined on input line 6.

) (/Users/joestrachan/Documents/code/civics/civic-essay/sections/they-work-for-you/implementation/permanent-urls.tex

LaTeX Warning: Reference `fig:/they-work-for-you-implementation-permanent-urls-1' on page 8 undefined on input line 2.


LaTeX Warning: Reference `fig:they-work-for-you-implementation-permanent-urls-2' on page 8 undefined on input line 4.

) (/Users/joestrachan/Documents/code/civics/civic-essay/sections/they-work-for-you/implementation/open-source.tex

LaTeX Warning: Reference `fig:they-work-for-you-implementation-open-source-pombola' on page 8 undefined on input line 3.


LaTeX Warning: Citation `mysociety-github' on page 8 undefined on input line 4.


LaTeX Warning: Citation `github' on page 8 undefined on input line 4.


LaTeX Warning: Reference `fig:they-work-for-you-implementation-open-source-github' on page 8 undefined on input line 4.


LaTeX Warning: Reference `appendix:pombola' on page 8 undefined on input line 5.

) [8] (/Users/joestrachan/Documents/code/civics/civic-essay/sections/they-work-for-you/implementation/summary.tex) (/Users/joestrachan/Documents/code/civics/civic-essay/sections/they-work-for-you/values/overview.tex) (/Users/joestrachan/Documents/code/civics/civic-essay/sections/they-work-for-you/challenges/finance.tex

LaTeX Warning: Reference `fig:they-work-for-you-challenges-finance' on page 9 undefined on input line 2.


LaTeX Warning: Citation `guardian-tom-steinberg' on page 9 undefined on input line 3.


LaTeX Warning: Reference `fig:e-petition-site' on page 9 undefined on input line 4.

) [9] (/Users/joestrachan/Documents/code/civics/civic-essay/sections/they-work-for-you/challenges/users.tex

LaTeX Warning: Reference `append:analytics' on page 10 undefined on input line 2.


LaTeX Warning: Citation `alexa-rank' on page 10 undefined on input line 2.

) (/Users/joestrachan/Documents/code/civics/civic-essay/sections/they-work-for-you/values/data-object.tex) (/Users/joestrachan/Documents/code/civics/civic-essay/sections/they-work-for-you/values/data-object-response.tex

LaTeX Warning: Reference `fig:they-work-for-you-numerology' on page 10 undefined on input line 3.

) (/Users/joestrachan/Documents/code/civics/civic-essay/sections/they-work-for-you/challenges/summary.tex) (/Users/joestrachan/Documents/code/civics/civic-essay/sections/taxonomies-civic-tech/overview.tex

LaTeX Warning: Citation `micah-sifry-taxonomy' on page 10 undefined on input line 1.


LaTeX Warning: Reference `fig:taxonomy-sifry' on page 10 undefined on input line 1.

) [10] (/Users/joestrachan/Documents/code/civics/civic-essay/sections/taxonomies-civic-tech/groups.tex) (/Users/joestrachan/Documents/code/civics/civic-essay/sections/taxonomies-civic-tech/infrastructure.tex) (/Users/joestrachan/Documents/code/civics/civic-essay/sections/pipeline-taxonomy/overview.tex

LaTeX Warning: Reference `fig:taxonomy-pipeline' on page 11 undefined on input line 1.


LaTeX Warning: Citation `tom-steinberg' on page 11 undefined on input line 6.


LaTeX Warning: Citation `tom-steinberg-civic-power' on page 11 undefined on input line 6.

[11]) (/Users/joestrachan/Documents/code/civics/civic-essay/sections/pipeline-taxonomy/wikipedia.tex

LaTeX Warning: Citation `jimmy-wales' on page 12 undefined on input line 2.


LaTeX Warning: Citation `larry-sanger' on page 12 undefined on input line 2.


LaTeX Warning: Citation `php' on page 12 undefined on input line 4.

) (/Users/joestrachan/Documents/code/civics/civic-essay/sections/pipeline-taxonomy/further-research.tex) [12] (/Users/joestrachan/Documents/code/civics/civic-essay/sections/pipeline-taxonomy/summary.tex) (/Users/joestrachan/Documents/code/civics/civic-essay/sections/conclusion.tex) [13]
No file civic_tech_and_they_work_for_you.bbl.
[14] (/Users/joestrachan/Documents/code/civics/civic-essay/appendix/lynx-browser.tex

LaTeX Warning: Citation `lynx' on page 15 undefined on input line 1.


LaTeX Warning: Citation `browser-history' on page 15 undefined on input line 2.


LaTeX Warning: Citation `tim-berners-lee' on page 15 undefined on input line 2.

) [15] (/Users/joestrachan/Documents/code/civics/civic-essay/appendix/pombola.tex

LaTeX Warning: Citation `lynx' on page 16 undefined on input line 1.


LaTeX Warning: Citation `browser-history' on page 16 undefined on input line 2.


LaTeX Warning: Citation `tim-berners-lee' on page 16 undefined on input line 2.

) [16] (/Users/joestrachan/Documents/code/civics/civic-essay/appendix/analytics.tex

LaTeX Warning: Reference `fig:they-work-for-you-challenges-google-analytics' on page 17 undefined on input line 1.


LaTeX Warning: Citation `google-analytics' on page 17 undefined on input line 2.

) [17] (/Users/joestrachan/Documents/code/civics/civic-essay/appendix/ian-murray.tex

LaTeX Warning: Citation `ian-murray' on page 18 undefined on input line 1.


LaTeX Warning: Citation `ian-murray-bbc' on page 18 undefined on input line 5.


LaTeX Warning: Citation `bbc-parliament' on page 18 undefined on input line 5.


LaTeX Warning: Citation `ian-murray-this-is-our-story' on page 18 undefined on input line 5.


LaTeX Warning: Reference `fig:they-work-for-you-ian-murray' on page 18 undefined on input line 8.

) [18] (/Users/joestrachan/Documents/code/civics/civic-essay/sections/figures/figure-1.tex
<images/they-work-for-you-implementation-search-box.png, id=123, 727.71875pt x 451.6875pt>
File: images/they-work-for-you-implementation-search-box.png Graphic file (type png)
<use images/they-work-for-you-implementation-search-box.png>
Package pdftex.def Info: images/they-work-for-you-implementation-search-box.png  used on input line 3.
(pdftex.def)             Requested size: 218.3173pt x 135.5073pt.
) [19 </Users/joestrachan/Documents/code/civics/civic-essay/images/they-work-for-you-implementation-search-box.png>] (/Users/joestrachan/Documents/code/civics/civic-essay/sections/figures/figure-2.tex
<images/they-work-for-you-implementation-text-only-lynx.png, id=133, 1639.12375pt x 967.615pt>
File: images/they-work-for-you-implementation-text-only-lynx.png Graphic file (type png)
<use images/they-work-for-you-implementation-text-only-lynx.png>
Package pdftex.def Info: images/they-work-for-you-implementation-text-only-lynx.png  used on input line 3.
(pdftex.def)             Requested size: 327.81894pt x 193.51958pt.
) [20 </Users/joestrachan/Documents/code/civics/civic-essay/images/they-work-for-you-implementation-text-only-lynx.png>] (/Users/joestrachan/Documents/code/civics/civic-essay/sections/figures/figure-3.tex
<images/they-work-for-you-implementation-permanent-urls-1.png, id=141, 1154.3125pt x 457.71pt>
File: images/they-work-for-you-implementation-permanent-urls-1.png Graphic file (type png)
<use images/they-work-for-you-implementation-permanent-urls-1.png>
Package pdftex.def Info: images/they-work-for-you-implementation-permanent-urls-1.png  used on input line 3.
(pdftex.def)             Requested size: 346.29642pt x 137.31406pt.

Overfull \hbox (1.29642pt too wide) in paragraph at lines 3--4
 [][] 
 []

) [21 </Users/joestrachan/Documents/code/civics/civic-essay/images/they-work-for-you-implementation-permanent-urls-1.png>] (/Users/joestrachan/Documents/code/civics/civic-essay/sections/figures/figure-4.tex
<images/they-work-for-you-implementation-permanent-urls-2.png, id=148, 1168.365pt x 302.12875pt>
File: images/they-work-for-you-implementation-permanent-urls-2.png Graphic file (type png)
<use images/they-work-for-you-implementation-permanent-urls-2.png>
Package pdftex.def Info: images/they-work-for-you-implementation-permanent-urls-2.png  used on input line 3.
(pdftex.def)             Requested size: 350.5122pt x 90.63931pt.

Overfull \hbox (5.5122pt too wide) in paragraph at lines 3--4
 [][] 
 []

) [22 </Users/joestrachan/Documents/code/civics/civic-essay/images/they-work-for-you-implementation-permanent-urls-2.png>] (/Users/joestrachan/Documents/code/civics/civic-essay/sections/figures/figure-5.tex
<images/they-work-for-you-implementation-open-source-pombola.png, id=155, 984.67876pt x 328.22626pt>
File: images/they-work-for-you-implementation-open-source-pombola.png Graphic file (type png)
<use images/they-work-for-you-implementation-open-source-pombola.png>
Package pdftex.def Info: images/they-work-for-you-implementation-open-source-pombola.png  used on input line 3.
(pdftex.def)             Requested size: 295.4059pt x 98.46863pt.
) [23 </Users/joestrachan/Documents/code/civics/civic-essay/images/they-work-for-you-implementation-open-source-pombola.png>] (/Users/joestrachan/Documents/code/civics/civic-essay/sections/figures/figure-6.tex
<images/they-work-for-you-implementation-open-source-github.png, id=162, 1066.98625pt x 512.91624pt>
File: images/they-work-for-you-implementation-open-source-github.png Graphic file (type png)
<use images/they-work-for-you-implementation-open-source-github.png>
Package pdftex.def Info: images/they-work-for-you-implementation-open-source-github.png  used on input line 3.
(pdftex.def)             Requested size: 320.09834pt x 153.87605pt.
) [24 </Users/joestrachan/Documents/code/civics/civic-essay/images/they-work-for-you-implementation-open-source-github.png>] (/Users/joestrachan/Documents/code/civics/civic-essay/sections/figures/figure-7.tex
<images/they-work-for-you-challenges-finance.png, id=169, 1027.84pt x 142.5325pt>
File: images/they-work-for-you-challenges-finance.png Graphic file (type png)
<use images/they-work-for-you-challenges-finance.png>
Package pdftex.def Info: images/they-work-for-you-challenges-finance.png  used on input line 2.
(pdftex.def)             Requested size: 308.35437pt x 42.76007pt.
) [25 </Users/joestrachan/Documents/code/civics/civic-essay/images/they-work-for-you-challenges-finance.png>] (/Users/joestrachan/Documents/code/civics/civic-essay/sections/figures/figure-8.tex
<images/e-petition-site.png, id=177, 755.82375pt x 514.92375pt>
File: images/e-petition-site.png Graphic file (type png)
<use images/e-petition-site.png>
Package pdftex.def Info: images/e-petition-site.png  used on input line 3.
(pdftex.def)             Requested size: 226.74887pt x 154.4783pt.
) [26 </Users/joestrachan/Documents/code/civics/civic-essay/images/e-petition-site.png>] (/Users/joestrachan/Documents/code/civics/civic-essay/sections/figures/figure-9.tex
<images/they-work-for-you-challenges-google-analytics.png, id=184, 1268.74pt x 434.62375pt>
File: images/they-work-for-you-challenges-google-analytics.png Graphic file (type png)
<use images/they-work-for-you-challenges-google-analytics.png>
Package pdftex.def Info: images/they-work-for-you-challenges-google-analytics.png  used on input line 3.
(pdftex.def)             Requested size: 317.18422pt x 108.65567pt.
) [27 </Users/joestrachan/Documents/code/civics/civic-essay/images/they-work-for-you-challenges-google-analytics.png>] (/Users/joestrachan/Documents/code/civics/civic-essay/sections/figures/figure-10.tex
<images/they-work-for-you-ian-murray.png, id=191, 1042.89626pt x 608.2725pt>
File: images/they-work-for-you-ian-murray.png Graphic file (type png)
<use images/they-work-for-you-ian-murray.png>
Package pdftex.def Info: images/they-work-for-you-ian-murray.png  used on input line 3.
(pdftex.def)             Requested size: 312.87129pt x 182.48315pt.
) [28 </Users/joestrachan/Documents/code/civics/civic-essay/images/they-work-for-you-ian-murray.png>] (/Users/joestrachan/Documents/code/civics/civic-essay/sections/figures/figure-11.tex
<images/they-work-for-you-numerology.png, id=198, 868.24374pt x 587.19376pt>
File: images/they-work-for-you-numerology.png Graphic file (type png)
<use images/they-work-for-you-numerology.png>
Package pdftex.def Info: images/they-work-for-you-numerology.png  used on input line 3.
(pdftex.def)             Requested size: 260.47513pt x 176.15948pt.
) [29 </Users/joestrachan/Documents/code/civics/civic-essay/images/they-work-for-you-numerology.png>] (/Users/joestrachan/Documents/code/civics/civic-essay/sections/figures/figure-12.tex
<images/taxonomy-sifry.png, id=205, 867.24pt x 498.86375pt>
File: images/taxonomy-sifry.png Graphic file (type png)
<use images/taxonomy-sifry.png>
Package pdftex.def Info: images/taxonomy-sifry.png  used on input line 3.
(pdftex.def)             Requested size: 346.88986pt x 199.54196pt.

Overfull \hbox (1.88986pt too wide) in paragraph at lines 3--4
 [][] 
 []

) [30 </Users/joestrachan/Documents/code/civics/civic-essay/images/taxonomy-sifry.png>] (/Users/joestrachan/Documents/code/civics/civic-essay/sections/figures/figure-13.tex
<images/taxonomy-pipeline.png, id=212, 1185.42876pt x 143.53625pt>
File: images/taxonomy-pipeline.png Graphic file (type png)
<use images/taxonomy-pipeline.png>
Package pdftex.def Info: images/taxonomy-pipeline.png  used on input line 3.
(pdftex.def)             Requested size: 355.63136pt x 43.0612pt.

Overfull \hbox (10.63136pt too wide) in paragraph at lines 3--4
 [][] 
 []

)
Package atveryend Info: Empty hook `BeforeClearDocument' on input line 206.
 [31 </Users/joestrachan/Documents/code/civics/civic-essay/images/taxonomy-pipeline.png>]
Package atveryend Info: Empty hook `AfterLastShipout' on input line 206.
 (/Users/joestrachan/Documents/code/civics/civic-essay/civic_tech_and_they_work_for_you.aux)
Package atveryend Info: Executing hook `AtVeryEndDocument' on input line 206.
Package atveryend Info: Executing hook `AtEndAfterFileList' on input line 206.


Package rerunfilecheck Warning: File `civic_tech_and_they_work_for_you.out' has changed.
(rerunfilecheck)                Rerun to get outlines right
(rerunfilecheck)                or use package `bookmark'.

Package rerunfilecheck Info: Checksums for `civic_tech_and_they_work_for_you.out':
(rerunfilecheck)             Before: <no file>
(rerunfilecheck)             After:  847F53CC2E339D38632E085667F29E3F;2071.

LaTeX Warning: There were undefined references.


LaTeX Warning: Label(s) may have changed. Rerun to get cross-references right.

Package atveryend Info: Empty hook `AtVeryVeryEnd' on input line 206.
 ) 
Here is how much of TeX's memory you used:
 6842 strings out of 492649
 110619 string characters out of 6129622
 200609 words of memory out of 5000000
 10379 multiletter control sequences out of 15000+600000
 9195 words of font info for 32 fonts, out of 8000000 for 9000
 1141 hyphenation exceptions out of 8191
 41i,7n,35p,640b,346s stack positions out of 5000i,500n,10000p,200000b,80000s
</usr/local/texlive/2018/texmf-dist/fonts/type1/public/amsfonts/cm/cmbx10.pfb></usr/local/texlive/2018/texmf-dist/fonts/type1/public/amsfonts/cm/cmbx12.pfb></usr/local/texlive/2018/texmf-dist/fonts/type1/public/amsfonts/cm/cmbx9.pfb></usr/local/texlive/2018/texmf-dist/fonts/type1/public/amsfonts/cm/cmr10.pfb></usr/local/texlive/2018/texmf-dist/fonts/type1/public/amsfonts/cm/cmr12.pfb></usr/local/texlive/2018/texmf-dist/fonts/type1/public/amsfonts/cm/cmr17.pfb></usr/local/texlive/2018/texmf-dist/fonts/type1/public/amsfonts/cm/cmr9.pfb></usr/local/texlive/2018/texmf-dist/fonts/type1/public/amsfonts/cm/cmti10.pfb></usr/local/texlive/2018/texmf-dist/fonts/type1/public/amsfonts/cm/cmti12.pfb>
Output written on /Users/joestrachan/Documents/code/civics/civic-essay/civic_tech_and_they_work_for_you.pdf (31 pages, 4331497 bytes).
PDF statistics:
 269 PDF objects out of 1000 (max. 8388607)
 199 compressed objects within 2 object streams
 81 named destinations out of 1000 (max. 500000)
 66 words of extra memory for PDF output out of 10000 (max. 10000000)

