This is pdfTeX, Version 3.14159265-2.6-1.40.19 (TeX Live 2018) (preloaded format=pdflatex 2018.4.16)  8 DEC 2019 20:20
entering extended mode
 restricted \write18 enabled.
 file:line:error style messages enabled.
 %&-line parsing enabled.
**/Users/joestrachan/Documents/code/civic/assessments/assessment_5/essay/civic_tech_and_they_work_for_you.tex
(/Users/joestrachan/Documents/code/civic/assessments/assessment_5/essay/civic_tech_and_they_work_for_you.tex
LaTeX2e <2018-04-01> patch level 2
Babel <3.18> and hyphenation patterns for 84 language(s) loaded.
(/usr/local/texlive/2018/texmf-dist/tex/latex/base/article.cls
Document Class: article 2014/09/29 v1.4h Standard LaTeX document class
(/usr/local/texlive/2018/texmf-dist/tex/latex/base/size10.clo
File: size10.clo 2014/09/29 v1.4h Standard LaTeX file (size option)
)
\c@part=\count80
\c@section=\count81
\c@subsection=\count82
\c@subsubsection=\count83
\c@paragraph=\count84
\c@subparagraph=\count85
\c@figure=\count86
\c@table=\count87
\abovecaptionskip=\skip41
\belowcaptionskip=\skip42
\bibindent=\dimen102
) (/Users/joestrachan/Documents/code/civic/assessments/assessment_5/essay/tex/main.tex (/Users/joestrachan/Documents/code/civic/assessments/assessment_5/essay/tex/packages.tex (/usr/local/texlive/2018/texmf-dist/tex/latex/tools/array.sty
Package: array 2018/04/07 v2.4g Tabular extension package (FMi)
\col@sep=\dimen103
\ar@mcellbox=\box26
\extrarowheight=\dimen104
\NC@list=\toks14
\extratabsurround=\skip43
\backup@length=\skip44
\ar@cellbox=\box27
) (/usr/local/texlive/2018/texmf-dist/tex/latex/preprint/authblk.sty
Package: authblk 2001/02/27 1.3 (PWD)
\affilsep=\skip45
\@affilsep=\skip46
\c@Maxaffil=\count88
\c@authors=\count89
\c@affil=\count90
) (/usr/local/texlive/2018/texmf-dist/tex/generic/babel/babel.sty
Package: babel 2018/02/14 3.18 The Babel package
 (/usr/local/texlive/2018/texmf-dist/tex/generic/babel/switch.def
File: switch.def 2018/02/14 3.18 Babel switching mechanism
) (/usr/local/texlive/2018/texmf-dist/tex/generic/babel-english/english.ldf
Language: english 2017/06/06 v3.3r English support from the babel system
 (/usr/local/texlive/2018/texmf-dist/tex/generic/babel/babel.def
File: babel.def 2018/02/14 3.18 Babel common definitions
\babel@savecnt=\count91
\U@D=\dimen105
 (/usr/local/texlive/2018/texmf-dist/tex/generic/babel/txtbabel.def)
\bbl@dirlevel=\count92
)
\l@canadian = a dialect from \language\l@american 
\l@australian = a dialect from \language\l@british 
\l@newzealand = a dialect from \language\l@british 
)) (/usr/local/texlive/2018/texmf-dist/tex/latex/cite/cite.sty
LaTeX Info: Redefining \cite on input line 302.
LaTeX Info: Redefining \nocite on input line 332.
Package: cite 2015/02/27  v 5.5
) (/usr/local/texlive/2018/texmf-dist/tex/latex/graphics/color.sty
Package: color 2016/07/10 v1.1e Standard LaTeX Color (DPC)
 (/usr/local/texlive/2018/texmf-dist/tex/latex/graphics-cfg/color.cfg
File: color.cfg 2016/01/02 v1.6 sample color configuration
)
Package color Info: Driver file: pdftex.def on input line 147.
 (/usr/local/texlive/2018/texmf-dist/tex/latex/graphics-def/pdftex.def
File: pdftex.def 2018/01/08 v1.0l Graphics/color driver for pdftex
)) (/usr/local/texlive/2018/texmf-dist/tex/latex/psnfss/courier.sty
Package: courier 2005/04/12 PSNFSS-v9.2a (WaS) 
) (/usr/local/texlive/2018/texmf-dist/tex/latex/graphics/graphicx.sty
Package: graphicx 2017/06/01 v1.1a Enhanced LaTeX Graphics (DPC,SPQR)
 (/usr/local/texlive/2018/texmf-dist/tex/latex/graphics/keyval.sty
Package: keyval 2014/10/28 v1.15 key=value parser (DPC)
\KV@toks@=\toks15
) (/usr/local/texlive/2018/texmf-dist/tex/latex/graphics/graphics.sty
Package: graphics 2017/06/25 v1.2c Standard LaTeX Graphics (DPC,SPQR)
 (/usr/local/texlive/2018/texmf-dist/tex/latex/graphics/trig.sty
Package: trig 2016/01/03 v1.10 sin cos tan (DPC)
) (/usr/local/texlive/2018/texmf-dist/tex/latex/graphics-cfg/graphics.cfg
File: graphics.cfg 2016/06/04 v1.11 sample graphics configuration
)
Package graphics Info: Driver file: pdftex.def on input line 99.
)
\Gin@req@height=\dimen106
\Gin@req@width=\dimen107
) (/usr/local/texlive/2018/texmf-dist/tex/latex/hyperref/hyperref.sty
Package: hyperref 2018/02/06 v6.86b Hypertext links for LaTeX
 (/usr/local/texlive/2018/texmf-dist/tex/generic/oberdiek/hobsub-hyperref.sty
Package: hobsub-hyperref 2016/05/16 v1.14 Bundle oberdiek, subset hyperref (HO)
 (/usr/local/texlive/2018/texmf-dist/tex/generic/oberdiek/hobsub-generic.sty
Package: hobsub-generic 2016/05/16 v1.14 Bundle oberdiek, subset generic (HO)
Package: hobsub 2016/05/16 v1.14 Construct package bundles (HO)
Package: infwarerr 2016/05/16 v1.4 Providing info/warning/error messages (HO)
Package: ltxcmds 2016/05/16 v1.23 LaTeX kernel commands for general use (HO)
Package: ifluatex 2016/05/16 v1.4 Provides the ifluatex switch (HO)
Package ifluatex Info: LuaTeX not detected.
Package: ifvtex 2016/05/16 v1.6 Detect VTeX and its facilities (HO)
Package ifvtex Info: VTeX not detected.
Package: intcalc 2016/05/16 v1.2 Expandable calculations with integers (HO)
Package: ifpdf 2017/03/15 v3.2 Provides the ifpdf switch
Package: etexcmds 2016/05/16 v1.6 Avoid name clashes with e-TeX commands (HO)
Package etexcmds Info: Could not find \expanded.
(etexcmds)             That can mean that you are not using pdfTeX 1.50 or
(etexcmds)             that some package has redefined \expanded.
(etexcmds)             In the latter case, load this package earlier.
Package: kvsetkeys 2016/05/16 v1.17 Key value parser (HO)
Package: kvdefinekeys 2016/05/16 v1.4 Define keys (HO)
Package: pdftexcmds 2018/01/30 v0.27 Utility functions of pdfTeX for LuaTeX (HO)
Package pdftexcmds Info: LuaTeX not detected.
Package pdftexcmds Info: \pdf@primitive is available.
Package pdftexcmds Info: \pdf@ifprimitive is available.
Package pdftexcmds Info: \pdfdraftmode found.
Package: pdfescape 2016/05/16 v1.14 Implements pdfTeX's escape features (HO)
Package: bigintcalc 2016/05/16 v1.4 Expandable calculations on big integers (HO)
Package: bitset 2016/05/16 v1.2 Handle bit-vector datatype (HO)
Package: uniquecounter 2016/05/16 v1.3 Provide unlimited unique counter (HO)
)
Package hobsub Info: Skipping package `hobsub' (already loaded).
Package: letltxmacro 2016/05/16 v1.5 Let assignment for LaTeX macros (HO)
Package: hopatch 2016/05/16 v1.3 Wrapper for package hooks (HO)
Package: xcolor-patch 2016/05/16 xcolor patch
Package: atveryend 2016/05/16 v1.9 Hooks at the very end of document (HO)
Package atveryend Info: \enddocument detected (standard20110627).
Package: atbegshi 2016/06/09 v1.18 At begin shipout hook (HO)
Package: refcount 2016/05/16 v3.5 Data extraction from label references (HO)
Package: hycolor 2016/05/16 v1.8 Color options for hyperref/bookmark (HO)
) (/usr/local/texlive/2018/texmf-dist/tex/generic/ifxetex/ifxetex.sty
Package: ifxetex 2010/09/12 v0.6 Provides ifxetex conditional
) (/usr/local/texlive/2018/texmf-dist/tex/latex/oberdiek/auxhook.sty
Package: auxhook 2016/05/16 v1.4 Hooks for auxiliary files (HO)
) (/usr/local/texlive/2018/texmf-dist/tex/latex/oberdiek/kvoptions.sty
Package: kvoptions 2016/05/16 v3.12 Key value format for package options (HO)
)
\@linkdim=\dimen108
\Hy@linkcounter=\count93
\Hy@pagecounter=\count94
 (/usr/local/texlive/2018/texmf-dist/tex/latex/hyperref/pd1enc.def
File: pd1enc.def 2018/02/06 v6.86b Hyperref: PDFDocEncoding definition (HO)
Now handling font encoding PD1 ...
... no UTF-8 mapping file for font encoding PD1
)
\Hy@SavedSpaceFactor=\count95
 (/usr/local/texlive/2018/texmf-dist/tex/latex/latexconfig/hyperref.cfg
File: hyperref.cfg 2002/06/06 v1.2 hyperref configuration of TeXLive
)
Package hyperref Info: Hyper figures OFF on input line 4509.
Package hyperref Info: Link nesting OFF on input line 4514.
Package hyperref Info: Hyper index ON on input line 4517.
Package hyperref Info: Plain pages OFF on input line 4524.
Package hyperref Info: Backreferencing OFF on input line 4529.
Package hyperref Info: Implicit mode ON; LaTeX internals redefined.
Package hyperref Info: Bookmarks ON on input line 4762.
\c@Hy@tempcnt=\count96
 (/usr/local/texlive/2018/texmf-dist/tex/latex/url/url.sty
\Urlmuskip=\muskip10
Package: url 2013/09/16  ver 3.4  Verb mode for urls, etc.
)
LaTeX Info: Redefining \url on input line 5115.
\XeTeXLinkMargin=\dimen109
\Fld@menulength=\count97
\Field@Width=\dimen110
\Fld@charsize=\dimen111
Package hyperref Info: Hyper figures OFF on input line 6369.
Package hyperref Info: Link nesting OFF on input line 6374.
Package hyperref Info: Hyper index ON on input line 6377.
Package hyperref Info: backreferencing OFF on input line 6384.
Package hyperref Info: Link coloring OFF on input line 6389.
Package hyperref Info: Link coloring with OCG OFF on input line 6394.
Package hyperref Info: PDF/A mode OFF on input line 6399.
LaTeX Info: Redefining \ref on input line 6439.
LaTeX Info: Redefining \pageref on input line 6443.
\Hy@abspage=\count98
\c@Item=\count99
\c@Hfootnote=\count100
)
Package hyperref Info: Driver (autodetected): hpdftex.
 (/usr/local/texlive/2018/texmf-dist/tex/latex/hyperref/hpdftex.def
File: hpdftex.def 2018/02/06 v6.86b Hyperref driver for pdfTeX
\Fld@listcount=\count101
\c@bookmark@seq@number=\count102
 (/usr/local/texlive/2018/texmf-dist/tex/latex/oberdiek/rerunfilecheck.sty
Package: rerunfilecheck 2016/05/16 v1.8 Rerun checks for auxiliary files (HO)
Package uniquecounter Info: New unique counter `rerunfilecheck' on input line 282.
)
\Hy@SectionHShift=\skip47
) (/usr/local/texlive/2018/texmf-dist/tex/latex/base/inputenc.sty
Package: inputenc 2018/04/06 v1.3b Input encoding file
\inpenc@prehook=\toks16
\inpenc@posthook=\toks17
) (/usr/local/texlive/2018/texmf-dist/tex/latex/titling/titling.sty
Package: titling 2009/09/04 v2.1d maketitle typesetting
\thanksmarkwidth=\skip48
\thanksmargin=\skip49
\droptitle=\skip50
) (/usr/local/texlive/2018/texmf-dist/tex/latex/wrapfig/wrapfig.sty
\wrapoverhang=\dimen112
\WF@size=\dimen113
\c@WF@wrappedlines=\count103
\WF@box=\box28
\WF@everypar=\toks18
Package: wrapfig 2003/01/31  v 3.6
) (/usr/local/texlive/2018/texmf-dist/tex/latex/xcolor/xcolor.sty
Package: xcolor 2016/05/11 v2.12 LaTeX color extensions (UK)
 (/usr/local/texlive/2018/texmf-dist/tex/latex/graphics-cfg/color.cfg
File: color.cfg 2016/01/02 v1.6 sample color configuration
)
Package xcolor Info: Driver file: pdftex.def on input line 225.
LaTeX Info: Redefining \color on input line 709.
Package xcolor Info: Model `cmy' substituted by `cmy0' on input line 1348.
Package xcolor Info: Model `hsb' substituted by `rgb' on input line 1352.
Package xcolor Info: Model `RGB' extended on input line 1364.
Package xcolor Info: Model `HTML' substituted by `rgb' on input line 1366.
Package xcolor Info: Model `Hsb' substituted by `hsb' on input line 1367.
Package xcolor Info: Model `tHsb' substituted by `hsb' on input line 1368.
Package xcolor Info: Model `HSB' substituted by `hsb' on input line 1369.
Package xcolor Info: Model `Gray' substituted by `gray' on input line 1370.
Package xcolor Info: Model `wave' substituted by `hsb' on input line 1371.
)) (/Users/joestrachan/Documents/code/civic/assessments/assessment_5/essay/tex/paragraphs.tex) (/Users/joestrachan/Documents/code/civic/assessments/assessment_5/essay/tex/colours.tex) (/Users/joestrachan/Documents/code/civic/assessments/assessment_5/essay/tex/commands/subtitle.tex) (/Users/joestrachan/Documents/code/civic/assessments/assessment_5/essay/tex/commands/uml.tex)) (/Users/joestrachan/Documents/code/civic/assessments/assessment_5/essay/civic_tech_and_they_work_for_you.aux)
\openout1 = `civic_tech_and_they_work_for_you.aux'.

LaTeX Font Info:    Checking defaults for OML/cmm/m/it on input line 4.
LaTeX Font Info:    ... okay on input line 4.
LaTeX Font Info:    Checking defaults for T1/cmr/m/n on input line 4.
LaTeX Font Info:    ... okay on input line 4.
LaTeX Font Info:    Checking defaults for OT1/cmr/m/n on input line 4.
LaTeX Font Info:    ... okay on input line 4.
LaTeX Font Info:    Checking defaults for OMS/cmsy/m/n on input line 4.
LaTeX Font Info:    ... okay on input line 4.
LaTeX Font Info:    Checking defaults for OMX/cmex/m/n on input line 4.
LaTeX Font Info:    ... okay on input line 4.
LaTeX Font Info:    Checking defaults for U/cmr/m/n on input line 4.
LaTeX Font Info:    ... okay on input line 4.
LaTeX Font Info:    Checking defaults for PD1/pdf/m/n on input line 4.
LaTeX Font Info:    ... okay on input line 4.
 (/usr/local/texlive/2018/texmf-dist/tex/context/base/mkii/supp-pdf.mkii
[Loading MPS to PDF converter (version 2006.09.02).]
\scratchcounter=\count104
\scratchdimen=\dimen114
\scratchbox=\box29
\nofMPsegments=\count105
\nofMParguments=\count106
\everyMPshowfont=\toks19
\MPscratchCnt=\count107
\MPscratchDim=\dimen115
\MPnumerator=\count108
\makeMPintoPDFobject=\count109
\everyMPtoPDFconversion=\toks20
) (/usr/local/texlive/2018/texmf-dist/tex/latex/oberdiek/epstopdf-base.sty
Package: epstopdf-base 2016/05/15 v2.6 Base part for package epstopdf
 (/usr/local/texlive/2018/texmf-dist/tex/latex/oberdiek/grfext.sty
Package: grfext 2016/05/16 v1.2 Manage graphics extensions (HO)
)
Package epstopdf-base Info: Redefining graphics rule for `.eps' on input line 438.
Package grfext Info: Graphics extension search list:
(grfext)             [.pdf,.png,.jpg,.mps,.jpeg,.jbig2,.jb2,.PDF,.PNG,.JPG,.JPEG,.JBIG2,.JB2,.eps]
(grfext)             \AppendGraphicsExtensions on input line 456.
 (/usr/local/texlive/2018/texmf-dist/tex/latex/latexconfig/epstopdf-sys.cfg
File: epstopdf-sys.cfg 2010/07/13 v1.3 Configuration of (r)epstopdf for TeX Live
))
\AtBeginShipoutBox=\box30
Package hyperref Info: Link coloring OFF on input line 4.
 (/usr/local/texlive/2018/texmf-dist/tex/latex/hyperref/nameref.sty
Package: nameref 2016/05/21 v2.44 Cross-referencing by name of section
 (/usr/local/texlive/2018/texmf-dist/tex/generic/oberdiek/gettitlestring.sty
Package: gettitlestring 2016/05/16 v1.5 Cleanup title references (HO)
)
\c@section@level=\count110
)
LaTeX Info: Redefining \ref on input line 4.
LaTeX Info: Redefining \pageref on input line 4.
LaTeX Info: Redefining \nameref on input line 4.
 (/Users/joestrachan/Documents/code/civic/assessments/assessment_5/essay/civic_tech_and_they_work_for_you.out) (/Users/joestrachan/Documents/code/civic/assessments/assessment_5/essay/civic_tech_and_they_work_for_you.out)
\@outlinefile=\write3
\openout3 = `civic_tech_and_they_work_for_you.out'.

 (/Users/joestrachan/Documents/code/civic/assessments/assessment_5/essay/sections/title.tex)
LaTeX Font Info:    External font `cmex10' loaded for size
(Font)              <12> on input line 6.
LaTeX Font Info:    External font `cmex10' loaded for size
(Font)              <8> on input line 6.
LaTeX Font Info:    External font `cmex10' loaded for size
(Font)              <6> on input line 6.
 (/Users/joestrachan/Documents/code/civic/assessments/assessment_5/essay/sections/abstract.tex) [1

{/usr/local/texlive/2018/texmf-var/fonts/map/pdftex/updmap/pdftex.map}] (/Users/joestrachan/Documents/code/civic/assessments/assessment_5/essay/civic_tech_and_they_work_for_you.toc
LaTeX Font Info:    External font `cmex10' loaded for size
(Font)              <7> on input line 5.
LaTeX Font Info:    External font `cmex10' loaded for size
(Font)              <5> on input line 5.
 [2])
\tf@toc=\write4
\openout4 = `civic_tech_and_they_work_for_you.toc'.

 [3] (/Users/joestrachan/Documents/code/civic/assessments/assessment_5/essay/civic_tech_and_they_work_for_you.lof)
\tf@lof=\write5
\openout5 = `civic_tech_and_they_work_for_you.lof'.

 [4] (/Users/joestrachan/Documents/code/civic/assessments/assessment_5/essay/sections/introduction.tex) (/Users/joestrachan/Documents/code/civic/assessments/assessment_5/essay/sections/hacking/overview.tex) (/Users/joestrachan/Documents/code/civic/assessments/assessment_5/essay/sections/open-data/overview.tex) (/Users/joestrachan/Documents/code/civic/assessments/assessment_5/essay/sections/they-work-for-you/overview.tex) [5] (/Users/joestrachan/Documents/code/civic/assessments/assessment_5/essay/sections/they-work-for-you/aims.tex) (/Users/joestrachan/Documents/code/civic/assessments/assessment_5/essay/sections/they-work-for-you/implementation/accessible-design-search-box.tex)
<images/they-work-for-you-implementation-search-box.png, id=244, 727.71875pt x 451.6875pt>
File: images/they-work-for-you-implementation-search-box.png Graphic file (type png)
<use images/they-work-for-you-implementation-search-box.png>
Package pdftex.def Info: images/they-work-for-you-implementation-search-box.png  used on input line 60.
(pdftex.def)             Requested size: 145.54117pt x 90.33589pt.
 (/Users/joestrachan/Documents/code/civic/assessments/assessment_5/essay/sections/they-work-for-you/implementation/accessible-design-text-only.tex)
Overfull \hbox (8.2514pt too wide) in paragraph at lines 1--68
\OT1/cmr/m/n/10 it is dis-play-ing the in-for-ma-tion from
 []


Overfull \hbox (8.50021pt too wide) in paragraph at lines 1--68
\OT1/cmr/m/n/10 the cur-rent UK Labour Party leader
 []

[6 </Users/joestrachan/Documents/code/civic/assessments/assessment_5/essay/images/they-work-for-you-implementation-search-box.png>]
<images/they-work-for-you-implementation-text-only-lynx.png, id=261, 1639.12375pt x 967.615pt>
File: images/they-work-for-you-implementation-text-only-lynx.png Graphic file (type png)
<use images/they-work-for-you-implementation-text-only-lynx.png>
Package pdftex.def Info: images/they-work-for-you-implementation-text-only-lynx.png  used on input line 71.
(pdftex.def)             Requested size: 245.85796pt x 145.13599pt.

Overfull \hbox (56.1069pt too wide) in paragraph at lines 71--72
 [][] 
 []

(/Users/joestrachan/Documents/code/civic/assessments/assessment_5/essay/sections/they-work-for-you/implementation/permanent-urls.tex)
Overfull \hbox (8.58469pt too wide) in paragraph at lines 1--79
\OT1/cmr/m/n/10 shows a sum-mary page (from within
 []


Overfull \hbox (6.39012pt too wide) in paragraph at lines 1--79
\OT1/cmr/m/n/10 bate be-tween two MPs in the House
 []


Overfull \hbox (2.41798pt too wide) in paragraph at lines 1--79
\OT1/cmr/m/n/10 is pub-lished by They Work for You
 []


Overfull \hbox (6.168pt too wide) in paragraph at lines 1--79
\OT1/cmr/m/n/10 with a per-ma-nent and unique URL.
 []

<images/they-work-for-you-implementation-permanent-urls-1.png, id=266, 1154.3125pt x 457.71pt>
File: images/they-work-for-you-implementation-permanent-urls-1.png Graphic file (type png)
<use images/they-work-for-you-implementation-permanent-urls-1.png>
Package pdftex.def Info: images/they-work-for-you-implementation-permanent-urls-1.png  used on input line 82.
(pdftex.def)             Requested size: 577.15485pt x 228.85445pt.

Overfull \hbox (387.4038pt too wide) in paragraph at lines 82--83
 [][] 
 []


Package wrapfig Warning: Collision between wrapping environments on input line 87.

<images/they-work-for-you-implementation-permanent-urls-2.png, id=267, 1168.365pt x 302.12875pt>
File: images/they-work-for-you-implementation-permanent-urls-2.png Graphic file (type png)
<use images/they-work-for-you-implementation-permanent-urls-2.png>
Package pdftex.def Info: images/they-work-for-you-implementation-permanent-urls-2.png  used on input line 89.
(pdftex.def)             Requested size: 350.5122pt x 90.63931pt.

Overfull \hbox (160.76115pt too wide) in paragraph at lines 89--90
 [][] 
 []

[7 </Users/joestrachan/Documents/code/civic/assessments/assessment_5/essay/images/they-work-for-you-implementation-text-only-lynx.png>]

Package wrapfig Warning: Collision between wrapping environments on input line 94.

<images/they-work-for-you-implementation-permanent-urls-3.png, id=275, 384.43625pt x 18.0675pt>
File: images/they-work-for-you-implementation-permanent-urls-3.png Graphic file (type png)
<use images/they-work-for-you-implementation-permanent-urls-3.png>
Package pdftex.def Info: images/they-work-for-you-implementation-permanent-urls-3.png  used on input line 96.
(pdftex.def)             Requested size: 192.21765pt x 9.03372pt.

Overfull \hbox (2.4666pt too wide) in paragraph at lines 96--97
 [][] 
 []

(/Users/joestrachan/Documents/code/civic/assessments/assessment_5/essay/sections/they-work-for-you/implementation/open-source.tex)
Overfull \hbox (19.64024pt too wide) in paragraph at lines 1--104
\OT1/cmr/m/n/10 to con-tribute to civil so-ci-ety is through
 []


Overfull \hbox (2.39021pt too wide) in paragraph at lines 1--104
\OT1/cmr/m/n/10 the pro-vi-sion of open source, freely
 []

[8 </Users/joestrachan/Documents/code/civic/assessments/assessment_5/essay/images/they-work-for-you-implementation-permanent-urls-1.png> </Users/joestrachan/Documents/code/civic/assessments/assessment_5/essay/images/they-work-for-you-implementation-permanent-urls-2.png> </Users/joestrachan/Documents/code/civic/assessments/assessment_5/essay/images/they-work-for-you-implementation-permanent-urls-3.png>]
<images/they-work-for-you-implementation-open-source-pombola.png, id=292, 984.67876pt x 328.22626pt>
File: images/they-work-for-you-implementation-open-source-pombola.png Graphic file (type png)
<use images/they-work-for-you-implementation-open-source-pombola.png>
Package pdftex.def Info: images/they-work-for-you-implementation-open-source-pombola.png  used on input line 107.
(pdftex.def)             Requested size: 393.86452pt x 131.28816pt.

Overfull \hbox (204.11346pt too wide) in paragraph at lines 107--108
 [][] 
 []


Package wrapfig Warning: Collision between wrapping environments on input line 112.

<images/they-work-for-you-implementation-open-source-github.png, id=293, 1066.98625pt x 512.91624pt>
File: images/they-work-for-you-implementation-open-source-github.png Graphic file (type png)
<use images/they-work-for-you-implementation-open-source-github.png>
Package pdftex.def Info: images/they-work-for-you-implementation-open-source-github.png  used on input line 114.
(pdftex.def)             Requested size: 426.78694pt x 205.16286pt.

Overfull \hbox (237.03589pt too wide) in paragraph at lines 114--115
 [][] 
 []

(/Users/joestrachan/Documents/code/civic/assessments/assessment_5/essay/sections/they-work-for-you/implementation/summary.tex)
Overfull \hbox (22.97359pt too wide) in paragraph at lines 1--122
\OT1/cmr/m/n/10 You con-tributes to civil so-ci-ety through
 []

(/Users/joestrachan/Documents/code/civic/assessments/assessment_5/essay/sections/they-work-for-you/values/overview.tex)
Overfull \hbox (4.05354pt too wide) in paragraph at lines 1--129
\OT1/cmr/m/n/10 IN-SCRIBED IN THE TECH-NOL-
 []


Overfull \hbox (4.53851pt too wide) in paragraph at lines 1--129
\OT1/cmr/m/n/10 OGY I WOULD SUG-GEST - PRI-
 []


Overfull \hbox (4.61023pt too wide) in paragraph at lines 1--129
\OT1/cmr/m/n/10 EVER, THE SAME TECH-NOLO-
 []


Overfull \hbox (9.67856pt too wide) in paragraph at lines 1--129
\OT1/cmr/m/n/10 GIES THAT en-ABLe THOSE POS-
 []


Overfull \hbox (4.81631pt too wide) in paragraph at lines 1--129
\OT1/cmr/m/n/10 I-TIVE VAL-UES MAY GIVE RISE
 []


Overfull \hbox (5.45627pt too wide) in paragraph at lines 1--129
\OT1/cmr/m/n/10 ture of the site WHICH IT IS SUG-
 []

[9 </Users/joestrachan/Documents/code/civic/assessments/assessment_5/essay/images/they-work-for-you-implementation-open-source-pombola.png> </Users/joestrachan/Documents/code/civic/assessments/assessment_5/essay/images/they-work-for-you-implementation-open-source-github.png>] (/Users/joestrachan/Documents/code/civic/assessments/assessment_5/essay/sections/they-work-for-you/values/strengthen-civil-society.tex)
Overfull \hbox (4.05354pt too wide) in paragraph at lines 1--133
\OT1/cmr/m/n/10 IN-SCRIBED IN THE TECH-NOL-
 []


Overfull \hbox (4.53851pt too wide) in paragraph at lines 1--133
\OT1/cmr/m/n/10 OGY I WOULD SUG-GEST - PRI-
 []


Overfull \hbox (4.61023pt too wide) in paragraph at lines 1--133
\OT1/cmr/m/n/10 EVER, THE SAME TECH-NOLO-
 []


Overfull \hbox (9.67856pt too wide) in paragraph at lines 1--133
\OT1/cmr/m/n/10 GIES THAT en-ABLe THOSE POS-
 []


Overfull \hbox (4.81631pt too wide) in paragraph at lines 1--133
\OT1/cmr/m/n/10 I-TIVE VAL-UES MAY GIVE RISE
 []


Overfull \hbox (5.45627pt too wide) in paragraph at lines 1--133
\OT1/cmr/m/n/10 ture of the site WHICH IT IS SUG-
 []

(/Users/joestrachan/Documents/code/civic/assessments/assessment_5/essay/sections/they-work-for-you/values/data-object.tex
Overfull \hbox (2.8069pt too wide) in paragraph at lines 1--7
\OT1/cmr/m/n/10 One ex-am-ple of the do-chotomy be-
 []


Overfull \hbox (0.86241pt too wide) in paragraph at lines 1--7
\OT1/cmr/m/n/10 tween an MPs vot-ing pat-terns and
 []


Overfull \hbox (3.44572pt too wide) in paragraph at lines 1--7
\OT1/cmr/m/n/10 their com-mu-nity work con-cern ....
 []


Overfull \hbox (4.58238pt too wide) in paragraph at lines 1--7
\OT1/cmr/m/n/10 with of-fi-cial re-ceivers IN HIS CON-
 []


Overfull \hbox (1.69456pt too wide) in paragraph at lines 1--7
\OT1/cmr/m/n/10 SITU Over sev-eral years - his work
 []


Overfull \hbox (4.19467pt too wide) in paragraph at lines 1--7
\OT1/cmr/m/n/10 top flight UK flight to whole owned
 []

[10]
Overfull \hbox (0.72356pt too wide) in paragraph at lines 8--10
\OT1/cmr/m/n/10 he wrote about his vol-un-tary work
 []

)
Overfull \hbox (8.5569pt too wide) in paragraph at lines 11--137
\OT1/cmr/m/n/10 com-mons And - CON-SE-QUENTLY
 []

<images/they-work-for-you-ian-murray.png, id=312, 1042.89626pt x 608.2725pt>
File: images/they-work-for-you-ian-murray.png Graphic file (type png)
<use images/they-work-for-you-ian-murray.png>
Package pdftex.def Info: images/they-work-for-you-ian-murray.png  used on input line 140.
(pdftex.def)             Requested size: 521.44685pt x 304.13551pt.

Overfull \hbox (331.6958pt too wide) in paragraph at lines 140--141
 [][] 
 []

(/Users/joestrachan/Documents/code/civic/assessments/assessment_5/essay/sections/they-work-for-you/values/data-object-response.tex)
Overfull \hbox (12.50125pt too wide) in paragraph at lines 1--148
\OT1/cmr/m/n/10 ogy - shown in the screen-shot caveats
 []

<images/they-work-for-you-numerology.png, id=313, 868.24374pt x 587.19376pt>
File: images/they-work-for-you-numerology.png Graphic file (type png)
<use images/they-work-for-you-numerology.png>
Package pdftex.def Info: images/they-work-for-you-numerology.png  used on input line 151.
(pdftex.def)             Requested size: 434.1208pt x 293.59616pt.

Overfull \hbox (244.36975pt too wide) in paragraph at lines 151--152
 [][] 
 []

(/Users/joestrachan/Documents/code/civic/assessments/assessment_5/essay/sections/they-work-for-you/values/summary.tex) [11 </Users/joestrachan/Documents/code/civic/assessments/assessment_5/essay/images/they-work-for-you-ian-murray.png> </Users/joestrachan/Documents/code/civic/assessments/assessment_5/essay/images/they-work-for-you-numerology.png>] (/Users/joestrachan/Documents/code/civic/assessments/assessment_5/essay/sections/they-work-for-you/challenges/users.tex)
Overfull \hbox (2.58466pt too wide) in paragraph at lines 1--166
\OT1/cmr/m/n/10 One of the pri-mary chal-lenge faced
 []


Overfull \hbox (0.86246pt too wide) in paragraph at lines 1--166
\OT1/cmr/m/n/10 gest-ing, at least aneec-do-tally, that
 []


Overfull \hbox (4.44571pt too wide) in paragraph at lines 1--166
\OT1/cmr/m/n/10 the site re-ceives around 20,000 user
 []


Overfull \hbox (1.80685pt too wide) in paragraph at lines 1--166
\OT1/cmr/m/n/10 ame-lio-rate the strength of the con-
 []

(/Users/joestrachan/Documents/code/civic/assessments/assessment_5/essay/sections/they-work-for-you/challenges/web-analytics.tex)
Overfull \hbox (10.69572pt too wide) in paragraph at lines 1--170
\OT1/cmr/m/n/10 They Work for You site when viewed
 []


Overfull \hbox (2.32535pt too wide) in paragraph at lines 1--170
\OT1/cmr/m/n/10 by sec-ond ba-sis. That is, the client
 []


Overfull \hbox (11.44574pt too wide) in paragraph at lines 1--170
\OT1/cmr/m/n/10 or-gan-i-sa-tion do have ac-cess to statis-
 []

[12]
<images/they-work-for-you-challenges-google-analytics.png, id=330, 1268.74pt x 434.62375pt>
File: images/they-work-for-you-challenges-google-analytics.png Graphic file (type png)
<use images/they-work-for-you-challenges-google-analytics.png>
Package pdftex.def Info: images/they-work-for-you-challenges-google-analytics.png  used on input line 173.
(pdftex.def)             Requested size: 507.48701pt x 173.8464pt.

Overfull \hbox (317.73596pt too wide) in paragraph at lines 173--174
 [][] 
 []

(/Users/joestrachan/Documents/code/civic/assessments/assessment_5/essay/sections/they-work-for-you/challenges/finance.tex)
Overfull \hbox (6.47359pt too wide) in paragraph at lines 1--181
\OT1/cmr/m/n/10 with an ap-par-ently per-ma-nent ban-
 []


Overfull \hbox (24.8764pt too wide) in paragraph at lines 1--181
\OT1/cmr/m/n/10 be-ing said, and ac-cord-ing to a Guardian
 []


Overfull \hbox (2.08472pt too wide) in paragraph at lines 1--181
\OT1/cmr/m/n/10 you via par-ent or-gan-i-sa-tion MySo-
 []


Overfull \hbox (0.64021pt too wide) in paragraph at lines 1--181
\OT1/cmr/m/n/10 e-petition site can be found within
 []


Overfull \hbox (5.00134pt too wide) in paragraph at lines 1--181
\OT1/cmr/m/n/10 groups of in-di-vid-u-als to ac-cess data
 []

<images/they-work-for-you-challenges-finance.png, id=334, 1027.84pt x 142.5325pt>
File: images/they-work-for-you-challenges-finance.png Graphic file (type png)
<use images/they-work-for-you-challenges-finance.png>
Package pdftex.def Info: images/they-work-for-you-challenges-finance.png  used on input line 183.
(pdftex.def)             Requested size: 411.12872pt x 57.01198pt.

Overfull \hbox (221.37767pt too wide) in paragraph at lines 183--184
[][] 
 []


Package wrapfig Warning: Collision between wrapping environments on input line 188.

<images/e-petition-site.png, id=335, 755.82375pt x 514.92375pt>
File: images/e-petition-site.png Graphic file (type png)
<use images/e-petition-site.png>
Package pdftex.def Info: images/e-petition-site.png  used on input line 190.
(pdftex.def)             Requested size: 302.32414pt x 205.96585pt.

Overfull \hbox (112.57309pt too wide) in paragraph at lines 190--191
 [][] 
 []

[13 </Users/joestrachan/Documents/code/civic/assessments/assessment_5/essay/images/they-work-for-you-challenges-google-analytics.png>] (/Users/joestrachan/Documents/code/civic/assessments/assessment_5/essay/sections/they-work-for-you/challenges/summary.tex)
Overfull \hbox (6.2235pt too wide) in paragraph at lines 1--198
\OT1/cmr/m/n/10 In short, two of the chal-lenges faced
 []


Overfull \hbox (4.97353pt too wide) in paragraph at lines 1--198
\OT1/cmr/m/n/10 pres-sures, though as men-tioned the
 []


Overfull \hbox (6.55687pt too wide) in paragraph at lines 1--198
\OT1/cmr/m/n/10 over-all pic-ture of their fi-nances may
 []

(/Users/joestrachan/Documents/code/civic/assessments/assessment_5/essay/sections/taxonomies-civic-tech/overview.tex)
Overfull \hbox (4.83464pt too wide) in paragraph at lines 1--206
\OT1/cmr/m/n/10 out-come of such en-gage-ment - from
 []

<images/taxonomy-sifry.png, id=345, 867.24pt x 498.86375pt>
File: images/taxonomy-sifry.png Graphic file (type png)
<use images/taxonomy-sifry.png>
Package pdftex.def Info: images/taxonomy-sifry.png  used on input line 209.
(pdftex.def)             Requested size: 433.61894pt x 249.43126pt.

Overfull \hbox (243.86789pt too wide) in paragraph at lines 209--210
 [][] 
 []

[14 </Users/joestrachan/Documents/code/civic/assessments/assessment_5/essay/images/they-work-for-you-challenges-finance.png> </Users/joestrachan/Documents/code/civic/assessments/assessment_5/essay/images/e-petition-site.png>] (/Users/joestrachan/Documents/code/civic/assessments/assessment_5/essay/sections/taxonomies-civic-tech/groups.tex
Overfull \hbox (5.38802pt too wide) in paragraph at lines 1--3
\OT1/cmr/m/n/10 MAR-VELOUS MEANS of dis-crim-
 []


Overfull \hbox (6.69582pt too wide) in paragraph at lines 1--3
\OT1/cmr/m/n/10 i-nat-ing be-tween and iden-ti-fy-ing dif-
 []

)
Overfull \hbox (3.30684pt too wide) in paragraph at lines 4--217
[]\OT1/cmr/m/n/10 For in-stance, does not DI-RECTLY
 []


Overfull \hbox (2.36249pt too wide) in paragraph at lines 4--217
\OT1/cmr/m/n/10 tion of group mem-ber-ship out-lined
 []


Overfull \hbox (1.66574pt too wide) in paragraph at lines 4--217
\OT1/cmr/m/n/10 by NOVECK NOR does is ad-dress
 []


Overfull \hbox (5.64027pt too wide) in paragraph at lines 4--217
\OT1/cmr/m/n/10 nolo-gies in-volved in in-di-vid-ual civic
 []

(/Users/joestrachan/Documents/code/civic/assessments/assessment_5/essay/sections/taxonomies-civic-tech/infrastructure.tex) (/Users/joestrachan/Documents/code/civic/assessments/assessment_5/essay/sections/pipeline-taxonomy/overview.tex
Overfull \hbox (0.14009pt too wide) in paragraph at lines 1--6
\OT1/cmr/m/n/10 tech Low Level tech-nolo-gies - such
 []


Overfull \hbox (7.67961pt too wide) in paragraph at lines 1--6
\OT1/cmr/m/n/10 prac-ti-cies Mov-ING FOR-WARD TO
 []


Overfull \hbox (8.61243pt too wide) in paragraph at lines 1--6
\OT1/cmr/m/n/10 dresses the de-sign of in-di-vid-ual civic
 []


Overfull \hbox (1.389pt too wide) in paragraph at lines 1--6
\OT1/cmr/m/n/10 tech projects IT then en-com-passes
 []


Overfull \hbox (16.33463pt too wide) in paragraph at lines 1--6
\OT1/cmr/m/n/10 the types of en-gage-ment such projects
 []

[15 </Users/joestrachan/Documents/code/civic/assessments/assessment_5/essay/images/taxonomy-sifry.png>])
Overfull \hbox (5.97363pt too wide) in paragraph at lines 7--228
\OT1/cmr/m/n/10 tax-on-omy pro-posed by Micah Sifry.
 []


Underfull \hbox (badness 10000) in paragraph at lines 7--228

 []

<images/taxonomy-pipeline.png, id=359, 1185.42876pt x 143.53625pt>
File: images/taxonomy-pipeline.png Graphic file (type png)
<use images/taxonomy-pipeline.png>
Package pdftex.def Info: images/taxonomy-pipeline.png  used on input line 231.
(pdftex.def)             Requested size: 592.71292pt x 71.76794pt.

Overfull \hbox (402.96187pt too wide) in paragraph at lines 231--232
 [][] 
 []

(/Users/joestrachan/Documents/code/civic/assessments/assessment_5/essay/sections/pipeline-taxonomy/wikipedia.tex) (/Users/joestrachan/Documents/code/civic/assessments/assessment_5/essay/sections/pipeline-taxonomy/further-research.tex) (/Users/joestrachan/Documents/code/civic/assessments/assessment_5/essay/sections/pipeline-taxonomy/summary.tex) (/Users/joestrachan/Documents/code/civic/assessments/assessment_5/essay/sections/conclusion.tex) [16 </Users/joestrachan/Documents/code/civic/assessments/assessment_5/essay/images/taxonomy-pipeline.png>] [17] (/Users/joestrachan/Documents/code/civic/assessments/assessment_5/essay/civic_tech_and_they_work_for_you.bbl
LaTeX Font Info:    Try loading font information for OT1+pcr on input line 5.
 (/usr/local/texlive/2018/texmf-dist/tex/latex/psnfss/ot1pcr.fd
File: ot1pcr.fd 2001/06/04 font definitions for OT1/pcr.
)
Underfull \hbox (badness 10000) in paragraph at lines 4--6
[]\OT1/cmr/m/n/10 ``Uk post-codes.'' []$\OT1/pcr/m/n/10 https :
 []


Underfull \hbox (badness 10000) in paragraph at lines 4--6
\OT1/pcr/m/n/10 / / en . wikipedia . org / wiki /
 []


Underfull \hbox (badness 10000) in paragraph at lines 4--6
\OT1/pcr/m/n/10 Postcodes _ in _ the _ United _
 []


Underfull \hbox (badness 10000) in paragraph at lines 8--9
[]\OT1/cmr/m/n/10 ``Lynx browser.'' []$\OT1/pcr/m/n/10 https :
 []


Underfull \hbox (badness 10000) in paragraph at lines 8--9
\OT1/pcr/m/n/10 / / en . wikipedia . org / wiki /
 []


Underfull \hbox (badness 10000) in paragraph at lines 11--13
[]\OT1/cmr/m/n/10 ``Browser
 []


Underfull \hbox (badness 10000) in paragraph at lines 11--13
\OT1/cmr/m/n/10 his-
 []


Underfull \hbox (badness 10000) in paragraph at lines 11--13
\OT1/cmr/m/n/10 tory.''
 []


Underfull \hbox (badness 10000) in paragraph at lines 11--13
[]$\OT1/pcr/m/n/10 https : / /
 []


Underfull \hbox (badness 10000) in paragraph at lines 11--13
\OT1/pcr/m/n/10 crossbrowsertesting .
 []


Underfull \hbox (badness 10000) in paragraph at lines 11--13
\OT1/pcr/m/n/10 com /
 []


Underfull \hbox (badness 10000) in paragraph at lines 11--13
\OT1/pcr/m/n/10 blog /
 []


Underfull \hbox (badness 10000) in paragraph at lines 11--13
\OT1/pcr/m/n/10 test-[]automation /
 []


Overfull \hbox (3.02884pt too wide) in paragraph at lines 11--13
\OT1/pcr/m/n/10 history-[]of-[]web-[]browsers/$[]\OT1/cmr/m/n/10 . 
 []


Underfull \hbox (badness 10000) in paragraph at lines 15--16
[]\OT1/cmr/m/n/10 ``Tim bern-ers lee.'' []$\OT1/pcr/m/n/10 https :
 []


Underfull \hbox (badness 10000) in paragraph at lines 15--16
\OT1/pcr/m/n/10 / / www . w3 . org / People /
 []


Underfull \hbox (badness 10000) in paragraph at lines 18--19
[]\OT1/cmr/m/n/10 ``Mysociety github page.''
 []


Underfull \hbox (badness 10000) in paragraph at lines 18--19
[]$\OT1/pcr/m/n/10 https : / / github . com /
 []


Underfull \hbox (badness 10000) in paragraph at lines 21--22
[]\OT1/cmr/m/n/10 ``Github.'' []$\OT1/pcr/m/n/10 https : / / github .
 []


Underfull \hbox (badness 10000) in paragraph at lines 24--25
[]\OT1/cmr/m/n/10 ``Omidyar net-work.'' []$\OT1/pcr/m/n/10 https :
 []


Underfull \hbox (badness 10000) in paragraph at lines 24--25
\OT1/pcr/m/n/10 / / en . wikipedia . org / wiki /
 []


Underfull \hbox (badness 10000) in paragraph at lines 27--28
[]\OT1/cmr/m/n/10 ``Ebay.'' []$\OT1/pcr/m/n/10 https : / / en .
 []


Underfull \hbox (badness 10000) in paragraph at lines 30--31
[]\OT1/cmr/m/n/10 ``Pierre omid-yar.'' []$\OT1/pcr/m/n/10 https :
 []


Underfull \hbox (badness 10000) in paragraph at lines 30--31
\OT1/pcr/m/n/10 / / en . wikipedia . org / wiki /
 []


Underfull \hbox (badness 10000) in paragraph at lines 33--35
[]\OT1/cmr/m/n/10 ``Tim
 []


Underfull \hbox (badness 10000) in paragraph at lines 33--35
\OT1/cmr/m/n/10 bern-
 []


Underfull \hbox (badness 10000) in paragraph at lines 33--35
\OT1/cmr/m/n/10 ers lee.''
 []


Underfull \hbox (badness 10000) in paragraph at lines 33--35
[]$\OT1/pcr/m/n/10 https :
 []


Underfull \hbox (badness 10000) in paragraph at lines 33--35
\OT1/pcr/m/n/10 / / www .
 []


Underfull \hbox (badness 10000) in paragraph at lines 33--35
\OT1/pcr/m/n/10 wired .
 []


Underfull \hbox (badness 10000) in paragraph at lines 33--35
\OT1/pcr/m/n/10 com /
 []


Underfull \hbox (badness 10000) in paragraph at lines 33--35
\OT1/pcr/m/n/10 story /
 []


Overfull \hbox (57.02884pt too wide) in paragraph at lines 33--35
\OT1/pcr/m/n/10 microsoft-[]github-[]code-[]moderation/$[]\OT1/cmr/m/n/10 . 
 []

[18]
Underfull \hbox (badness 10000) in paragraph at lines 37--39
[]\OT1/cmr/m/n/10 ``Alexa rank for they work
 []


Underfull \hbox (badness 10000) in paragraph at lines 37--39
\OT1/cmr/m/n/10 for you.'' []$\OT1/pcr/m/n/10 https : / / www .
 []


Underfull \hbox (badness 10000) in paragraph at lines 37--39
\OT1/pcr/m/n/10 alexa . com / siteinfo /
 []


Underfull \hbox (badness 10000) in paragraph at lines 41--42
[]\OT1/cmr/m/n/10 ``Google an-a-lyt-ics.'' []$\OT1/pcr/m/n/10 https :
 []


Underfull \hbox (badness 10000) in paragraph at lines 41--42
\OT1/pcr/m/n/10 / / en . wikipedia . org / wiki /
 []


Underfull \hbox (badness 10000) in paragraph at lines 44--46
[]\OT1/cmr/m/n/10 ``Guardian in-
 []


Underfull \hbox (badness 10000) in paragraph at lines 44--46
\OT1/cmr/m/n/10 ter-view with
 []


Underfull \hbox (badness 10000) in paragraph at lines 44--46
\OT1/cmr/m/n/10 tom stein-
 []


Underfull \hbox (badness 10000) in paragraph at lines 44--46
\OT1/cmr/m/n/10 berg.'' []$\OT1/pcr/m/n/10 https :
 []


Underfull \hbox (badness 10000) in paragraph at lines 44--46
\OT1/pcr/m/n/10 / / www .
 []


Underfull \hbox (badness 10000) in paragraph at lines 44--46
\OT1/pcr/m/n/10 theguardian .
 []


Underfull \hbox (badness 10000) in paragraph at lines 44--46
\OT1/pcr/m/n/10 com /
 []


Underfull \hbox (badness 10000) in paragraph at lines 44--46
\OT1/pcr/m/n/10 technology /
 []


Underfull \hbox (badness 10000) in paragraph at lines 44--46
\OT1/pcr/m/n/10 2008 / oct / 23 /
 []

)
Package atveryend Info: Empty hook `BeforeClearDocument' on input line 261.
 [19]
Package atveryend Info: Empty hook `AfterLastShipout' on input line 261.
 (/Users/joestrachan/Documents/code/civic/assessments/assessment_5/essay/civic_tech_and_they_work_for_you.aux)
Package atveryend Info: Executing hook `AtVeryEndDocument' on input line 261.
Package atveryend Info: Executing hook `AtEndAfterFileList' on input line 261.
Package rerunfilecheck Info: File `civic_tech_and_they_work_for_you.out' has not changed.
(rerunfilecheck)             Checksum: B52D68EC5DED7EF2A9A89FEF83B831E6;2160.
Package atveryend Info: Empty hook `AtVeryVeryEnd' on input line 261.
 ) 
Here is how much of TeX's memory you used:
 6661 strings out of 492649
 108671 string characters out of 6129622
 196356 words of memory out of 5000000
 10246 multiletter control sequences out of 15000+600000
 9364 words of font info for 33 fonts, out of 8000000 for 9000
 1141 hyphenation exceptions out of 8191
 32i,6n,35p,917b,453s stack positions out of 5000i,500n,10000p,200000b,80000s
{/usr/local/texlive/2018/texmf-dist/fonts/enc/dvips/base/8r.enc}</usr/local/texlive/2018/texmf-dist/fonts/type1/public/amsfonts/cm/cmbx10.pfb></usr/local/texlive/2018/texmf-dist/fonts/type1/public/amsfonts/cm/cmbx12.pfb></usr/local/texlive/2018/texmf-dist/fonts/type1/public/amsfonts/cm/cmbx9.pfb></usr/local/texlive/2018/texmf-dist/fonts/type1/public/amsfonts/cm/cmr10.pfb></usr/local/texlive/2018/texmf-dist/fonts/type1/public/amsfonts/cm/cmr12.pfb></usr/local/texlive/2018/texmf-dist/fonts/type1/public/amsfonts/cm/cmr17.pfb></usr/local/texlive/2018/texmf-dist/fonts/type1/public/amsfonts/cm/cmr9.pfb></usr/local/texlive/2018/texmf-dist/fonts/type1/public/amsfonts/cm/cmti12.pfb></usr/local/texlive/2018/texmf-dist/fonts/type1/urw/courier/ucrr8a.pfb>
Output written on /Users/joestrachan/Documents/code/civic/assessments/assessment_5/essay/civic_tech_and_they_work_for_you.pdf (19 pages, 4360308 bytes).
PDF statistics:
 483 PDF objects out of 1000 (max. 8388607)
 420 compressed objects within 5 object streams
 86 named destinations out of 1000 (max. 500000)
 375 words of extra memory for PDF output out of 10000 (max. 10000000)

