\BOOKMARK [1][-]{section*.1}{List of figures}{}% 1
\BOOKMARK [1][-]{section*.2}{Introduction}{}% 2
\BOOKMARK [1][-]{section*.3}{Open data}{}% 3
\BOOKMARK [1][-]{section*.4}{They Work for You}{}% 4
\BOOKMARK [2][-]{section*.5}{Overview}{section*.4}% 5
\BOOKMARK [2][-]{section*.6}{Aims}{section*.4}% 6
\BOOKMARK [2][-]{section*.7}{Implementation}{section*.4}% 7
\BOOKMARK [3][-]{section*.8}{Accessible design: search box}{section*.7}% 8
\BOOKMARK [3][-]{section*.9}{Accessible design: text only}{section*.7}% 9
\BOOKMARK [3][-]{section*.10}{Permanent URLs}{section*.7}% 10
\BOOKMARK [3][-]{section*.11}{Open source}{section*.7}% 11
\BOOKMARK [3][-]{section*.12}{Summary}{section*.7}% 12
\BOOKMARK [2][-]{section*.13}{Values}{section*.4}% 13
\BOOKMARK [2][-]{section*.14}{Challenges}{section*.4}% 14
\BOOKMARK [3][-]{section*.15}{Finance}{section*.14}% 15
\BOOKMARK [3][-]{section*.16}{Users}{section*.14}% 16
\BOOKMARK [3][-]{section*.17}{Data object}{section*.14}% 17
\BOOKMARK [3][-]{section*.18}{Data object: response}{section*.14}% 18
\BOOKMARK [3][-]{section*.19}{Summary}{section*.14}% 19
\BOOKMARK [1][-]{section*.20}{Taxonomies of civic technology}{}% 20
\BOOKMARK [2][-]{section*.21}{Overview}{section*.20}% 21
\BOOKMARK [2][-]{section*.22}{Groups}{section*.20}% 22
\BOOKMARK [2][-]{section*.23}{Infrastructure}{section*.20}% 23
\BOOKMARK [1][-]{section*.24}{Pipeline taxonomy}{}% 24
\BOOKMARK [2][-]{section*.25}{Overview}{section*.24}% 25
\BOOKMARK [2][-]{section*.26}{Wikipedia}{section*.24}% 26
\BOOKMARK [2][-]{section*.27}{Further research}{section*.24}% 27
\BOOKMARK [2][-]{section*.28}{Summary}{section*.24}% 28
\BOOKMARK [1][-]{section*.29}{Conclusion}{}% 29
\BOOKMARK [1][-]{section*.30}{Appendix}{}% 30
\BOOKMARK [2][-]{section*.31}{References}{section*.30}% 31
\BOOKMARK [2][-]{section*.31}{Lynx browser}{section*.30}% 32
\BOOKMARK [2][-]{section*.32}{Pombola}{section*.30}% 33
\BOOKMARK [2][-]{section*.33}{Analytics}{section*.30}% 34
\BOOKMARK [2][-]{section*.34}{Ian Murray}{section*.30}% 35
\BOOKMARK [2][-]{section*.35}{Figures}{section*.30}% 36
