\BOOKMARK [1][-]{section*.1}{List of figures}{}% 1
\BOOKMARK [1][-]{section*.2}{Introduction}{}% 2
\BOOKMARK [1][-]{section*.3}{Open data}{}% 3
\BOOKMARK [1][-]{section*.4}{They Work for You}{}% 4
\BOOKMARK [2][-]{section*.5}{Overview}{section*.4}% 5
\BOOKMARK [2][-]{section*.6}{Aims}{section*.4}% 6
\BOOKMARK [2][-]{section*.7}{Implementation}{section*.4}% 7
\BOOKMARK [3][-]{section*.8}{Accessible design: search box}{section*.7}% 8
\BOOKMARK [3][-]{section*.9}{Accessible design: text only}{section*.7}% 9
\BOOKMARK [3][-]{section*.10}{Permanent URLs}{section*.7}% 10
\BOOKMARK [3][-]{section*.11}{Open source}{section*.7}% 11
\BOOKMARK [3][-]{section*.12}{Summary}{section*.7}% 12
\BOOKMARK [2][-]{section*.13}{Values}{section*.4}% 13
\BOOKMARK [2][-]{section*.14}{Challenges}{section*.4}% 14
\BOOKMARK [3][-]{section*.15}{Data object}{section*.14}% 15
\BOOKMARK [3][-]{section*.16}{Data object: response}{section*.14}% 16
\BOOKMARK [1][-]{section*.17}{Taxonomies of civic technology}{}% 17
\BOOKMARK [2][-]{section*.18}{Overview}{section*.17}% 18
\BOOKMARK [2][-]{section*.19}{Groups}{section*.17}% 19
\BOOKMARK [2][-]{section*.20}{Infrastructure}{section*.17}% 20
\BOOKMARK [1][-]{section*.21}{Pipeline taxonomy}{}% 21
\BOOKMARK [2][-]{section*.22}{Overview}{section*.21}% 22
\BOOKMARK [2][-]{section*.23}{Wikipedia}{section*.21}% 23
\BOOKMARK [2][-]{section*.24}{Further research}{section*.21}% 24
\BOOKMARK [1][-]{section*.25}{Conclusion}{}% 25
\BOOKMARK [1][-]{section*.26}{References}{}% 26
\BOOKMARK [1][-]{section*.27}{Appendix}{}% 27
\BOOKMARK [2][-]{section*.28}{A. FOIA}{section*.27}% 28
\BOOKMARK [2][-]{section*.29}{B. Lynx browser}{section*.27}% 29
\BOOKMARK [2][-]{section*.30}{C. Pombola}{section*.27}% 30
\BOOKMARK [2][-]{section*.31}{D. Analytics}{section*.27}% 31
\BOOKMARK [2][-]{section*.32}{E. Finance}{section*.27}% 32
\BOOKMARK [2][-]{section*.33}{F. Users}{section*.27}% 33
\BOOKMARK [2][-]{section*.34}{G. Figures}{section*.27}% 34
